{"/Users/brettp/Documents/json-io-promised/lib/readJSON.js":{"path":"/Users/brettp/Documents/json-io-promised/lib/readJSON.js","s":{"1":1,"2":1,"3":3,"4":3,"5":3,"6":1,"7":2,"8":2,"9":1,"10":1},"b":{"1":[1,2]},"f":{"1":3,"2":3,"3":3},"fnMap":{"1":{"name":"readJSON","line":3,"loc":{"start":{"line":3,"column":0},"end":{"line":3,"column":24}}},"2":{"name":"(anonymous_2)","line":4,"loc":{"start":{"line":4,"column":21},"end":{"line":4,"column":47}}},"3":{"name":"(anonymous_3)","line":5,"loc":{"start":{"line":5,"column":31},"end":{"line":5,"column":51}}}},"statementMap":{"1":{"start":{"line":1,"column":0},"end":{"line":1,"column":23}},"2":{"start":{"line":3,"column":0},"end":{"line":16,"column":1}},"3":{"start":{"line":4,"column":2},"end":{"line":15,"column":5}},"4":{"start":{"line":5,"column":4},"end":{"line":14,"column":7}},"5":{"start":{"line":6,"column":6},"end":{"line":13,"column":7}},"6":{"start":{"line":6,"column":15},"end":{"line":6,"column":27}},"7":{"start":{"line":8,"column":8},"end":{"line":12,"column":9}},"8":{"start":{"line":9,"column":10},"end":{"line":9,"column":36}},"9":{"start":{"line":11,"column":10},"end":{"line":11,"column":22}},"10":{"start":{"line":18,"column":0},"end":{"line":18,"column":26}}},"branchMap":{"1":{"line":6,"type":"if","locations":[{"start":{"line":6,"column":6},"end":{"line":6,"column":6}},{"start":{"line":6,"column":6},"end":{"line":6,"column":6}}]}}},"/Users/brettp/Documents/json-io-promised/lib/writeJSON.js":{"path":"/Users/brettp/Documents/json-io-promised/lib/writeJSON.js","s":{"1":1,"2":1,"3":3,"4":3,"5":3,"6":2,"7":1,"8":1},"b":{"1":[2,1]},"f":{"1":3,"2":3,"3":3},"fnMap":{"1":{"name":"writeJSON","line":3,"loc":{"start":{"line":3,"column":0},"end":{"line":3,"column":31}}},"2":{"name":"(anonymous_2)","line":4,"loc":{"start":{"line":4,"column":21},"end":{"line":4,"column":47}}},"3":{"name":"(anonymous_3)","line":5,"loc":{"start":{"line":5,"column":70},"end":{"line":5,"column":84}}}},"statementMap":{"1":{"start":{"line":1,"column":0},"end":{"line":1,"column":23}},"2":{"start":{"line":3,"column":0},"end":{"line":10,"column":1}},"3":{"start":{"line":4,"column":2},"end":{"line":9,"column":5}},"4":{"start":{"line":5,"column":4},"end":{"line":8,"column":7}},"5":{"start":{"line":6,"column":6},"end":{"line":7,"column":21}},"6":{"start":{"line":6,"column":15},"end":{"line":6,"column":27}},"7":{"start":{"line":7,"column":11},"end":{"line":7,"column":21}},"8":{"start":{"line":12,"column":0},"end":{"line":12,"column":27}}},"branchMap":{"1":{"line":6,"type":"if","locations":[{"start":{"line":6,"column":6},"end":{"line":6,"column":6}},{"start":{"line":6,"column":6},"end":{"line":6,"column":6}}]}}}}