TN:
SF:/Users/brettp/Documents/json-io-promised/lib/readJSON.js
FN:3,readJSON
FN:4,(anonymous_2)
FN:5,(anonymous_3)
FNF:3
FNH:3
FNDA:3,readJSON
FNDA:3,(anonymous_2)
FNDA:3,(anonymous_3)
DA:1,1
DA:3,1
DA:4,3
DA:5,3
DA:6,3
DA:8,2
DA:9,2
DA:11,1
DA:18,1
LF:9
LH:9
BRDA:6,1,0,1
BRDA:6,1,1,2
BRF:2
BRH:2
end_of_record
TN:
SF:/Users/brettp/Documents/json-io-promised/lib/writeJSON.js
FN:3,writeJSON
FN:4,(anonymous_2)
FN:5,(anonymous_3)
FNF:3
FNH:3
FNDA:3,writeJSON
FNDA:3,(anonymous_2)
FNDA:3,(anonymous_3)
DA:1,1
DA:3,1
DA:4,3
DA:5,3
DA:6,3
DA:7,1
DA:12,1
LF:7
LH:7
BRDA:6,1,0,2
BRDA:6,1,1,1
BRF:2
BRH:2
end_of_record
